<?xml version="1.0" encoding="UTF-8"?>
<!-- Generated by org.testng.reporters.JUnitReportReporter -->
<testsuite hostname="WLD22DFR" failures="0" tests="1" name="cucumber.TestNGTestRunner" time="31.482" errors="0" timestamp="2024-06-04T22:33:28 IST" skipped="0">
  <testcase classname="cucumber.TestNGTestRunner" name="runScenario" time="31.482"/>
</testsuite> <!-- cucumber.TestNGTestRunner -->
