<?xml version="1.0" encoding="UTF-8"?>
<!-- Generated by org.testng.reporters.JUnitReportReporter -->
<testsuite hostname="WLD22DFR" failures="0" tests="2" name="tthoughtfocus.tests.SubmitOrderTest" time="29.943" errors="0" timestamp="2024-06-04T22:21:37 IST" skipped="0">
  <testcase classname="tthoughtfocus.tests.SubmitOrderTest" name="submitOrder" time="24.797"/>
  <testcase classname="tthoughtfocus.tests.SubmitOrderTest" name="OrderHistoryTest" time="5.146"/>
</testsuite> <!-- tthoughtfocus.tests.SubmitOrderTest -->
