<?xml version="1.0" encoding="UTF-8"?>
<!-- Generated by org.testng.reporters.JUnitReportReporter -->
<testsuite hostname="WLD22DFR" failures="0" tests="2" name="tthoughtfocus.tests.ErrorValidationsTest" time="49.211" errors="0" timestamp="2023-09-26T12:37:36 IST" skipped="0">
  <testcase classname="tthoughtfocus.tests.ErrorValidationsTest" name="ProductErrorValidation" time="39.056"/>
  <testcase classname="tthoughtfocus.tests.ErrorValidationsTest" name="LoginErrorValidation" time="10.155"/>
</testsuite> <!-- tthoughtfocus.tests.ErrorValidationsTest -->
