<?xml version="1.0" encoding="UTF-8"?>
<!-- Generated by org.testng.reporters.JUnitReportReporter -->
<testsuite hostname="WLD22DFR" failures="0" tests="1" name="tthoughtfocus.tests.ErrorValidations" time="5.077" errors="0" timestamp="2023-07-27T20:30:25 IST" skipped="0">
  <testcase classname="tthoughtfocus.tests.ErrorValidations" name="submitOrder" time="5.077"/>
  <system-out/>
</testsuite> <!-- tthoughtfocus.tests.ErrorValidations -->
