<?xml version="1.0" encoding="UTF-8"?>
<!-- Generated by org.testng.reporters.JUnitReportReporter -->
<testsuite hostname="WLD22DFR" failures="0" tests="2" name="tthoughtfocus.tests.SubmitOrderTest" time="40.170" errors="0" timestamp="2024-06-04T22:45:10 IST" skipped="0">
  <testcase classname="tthoughtfocus.tests.SubmitOrderTest" name="submitOrder" time="36.294"/>
  <testcase classname="tthoughtfocus.tests.SubmitOrderTest" name="OrderHistoryTest" time="3.876"/>
</testsuite> <!-- tthoughtfocus.tests.SubmitOrderTest -->
